2025-12-04T11:10:47.000000000Z [inf]  Starting Container
2025-12-04T11:10:48.432638586Z [err]  npm warn config production Use `--omit=dev` instead.
2025-12-04T11:10:48.432642335Z [inf]  
2025-12-04T11:10:48.432647013Z [inf]  > undertale-deltarune-fight-sim-backend@1.0.0 start
2025-12-04T11:10:48.432651090Z [inf]  > node server.js
2025-12-04T11:10:48.432655284Z [inf]  
2025-12-04T11:10:48.432659567Z [inf]  Server running on port 8080
2025-12-04T11:10:48.432663398Z [inf]  Environment: production
2025-12-04T11:10:48.432667046Z [err]  ❌ Database connection attempt 1/3 failed:
2025-12-04T11:10:48.432670548Z [err]  AggregateError [ECONNREFUSED]: 
2025-12-04T11:10:48.432674370Z [err]      at internalConnectMultiple (node:net:1134:18)
2025-12-04T11:10:48.432678122Z [err]      at afterConnectMultiple (node:net:1715:7)
2025-12-04T11:10:48.432681775Z [inf]  Retrying in 2 seconds...
2025-12-04T11:10:50.435370838Z [inf]  Retrying in 2 seconds...
2025-12-04T11:10:50.435428251Z [err]  ❌ Database connection attempt 2/3 failed:
2025-12-04T11:10:50.435434325Z [err]  AggregateError [ECONNREFUSED]: 
2025-12-04T11:10:50.435443929Z [err]      at internalConnectMultiple (node:net:1134:18)
2025-12-04T11:10:50.435450597Z [err]      at afterConnectMultiple (node:net:1715:7)
2025-12-04T11:10:52.475917735Z [err]  AggregateError [ECONNREFUSED]: 
2025-12-04T11:10:52.475932199Z [err]      at internalConnectMultiple (node:net:1134:18)
2025-12-04T11:10:52.475944729Z [err]      at afterConnectMultiple (node:net:1715:7)
2025-12-04T11:10:52.475952690Z [err]  ⚠️  Database connection failed after all retries. Server will continue but database features may not work.
2025-12-04T11:10:52.476154254Z [err]  ❌ Database connection attempt 3/3 failed: