2025-12-04T09:35:55.846092912Z [inf]  
2025-12-04T09:36:03.559814745Z [inf]  [35m[Region: us-west1][0m
2025-12-04T09:36:03.738804970Z [inf]  
2025-12-04T09:36:03.738846987Z [inf]  [38;2;125;86;243m╭─────────────────╮[0m
2025-12-04T09:36:03.738852640Z [inf]  [38;2;125;86;243m│[0m Railpack 0.15.1 [38;2;125;86;243m│[0m
2025-12-04T09:36:03.738856881Z [inf]  [38;2;125;86;243m╰─────────────────╯[0m
2025-12-04T09:36:03.738863390Z [inf]  
2025-12-04T09:36:03.738867820Z [inf]  [97m↳ Detected Staticfile[0m
2025-12-04T09:36:03.738871858Z [inf]  [97m↳ Using root dir: .[0m
2025-12-04T09:36:03.738876297Z [inf]  
2025-12-04T09:36:03.738880737Z [inf]  [1mPackages[0m
2025-12-04T09:36:03.738884735Z [inf]  [38;5;238m──────────[0m
2025-12-04T09:36:03.738888883Z [inf]  [95mcaddy[0m  [38;5;238m│[0m  [96m2.10.2[0m  [38;5;238m│[0m  railpack default (latest)
2025-12-04T09:36:03.738892862Z [inf]  
2025-12-04T09:36:03.738897430Z [inf]  [1mSteps[0m
2025-12-04T09:36:03.738901452Z [inf]  [38;5;238m──────────[0m
2025-12-04T09:36:03.738905700Z [inf]  [95m▸ build[0m
2025-12-04T09:36:03.738909425Z [inf]  [38;5;245m$[0m [1mcaddy fmt --overwrite Caddyfile[0m
2025-12-04T09:36:03.738919693Z [inf]  
2025-12-04T09:36:03.738924002Z [inf]  [1mDeploy[0m
2025-12-04T09:36:03.738927940Z [inf]  [38;5;238m──────────[0m
2025-12-04T09:36:03.738931826Z [inf]  [38;5;245m$[0m [1mcaddy run --config Caddyfile --adapter caddyfile 2>&1[0m
2025-12-04T09:36:03.738936163Z [inf]  
2025-12-04T09:36:03.738940100Z [inf]  
2025-12-04T09:36:03.740368465Z [inf]  Successfully prepared Railpack plan for build
2025-12-04T09:36:03.740404729Z [inf]  
2025-12-04T09:36:03.740413374Z [inf]  
2025-12-04T09:36:03.740950960Z [inf]  context: 2z9m-MRtq
2025-12-04T09:36:03.932395432Z [inf]  [internal] load build definition from railpack-plan.json
2025-12-04T09:36:03.932463349Z [inf]  [internal] load build definition from railpack-plan.json
2025-12-04T09:36:03.932491228Z [inf]  [internal] load build definition from railpack-plan.json
2025-12-04T09:36:03.932517475Z [inf]  [internal] load build definition from railpack-plan.json
2025-12-04T09:36:03.941995033Z [inf]  [internal] load build definition from railpack-plan.json
2025-12-04T09:36:03.943572465Z [inf]  resolve image config for docker-image://ghcr.io/railwayapp/railpack-frontend:v0.15.1
2025-12-04T09:36:04.051929667Z [inf]  resolve image config for docker-image://ghcr.io/railwayapp/railpack-frontend:v0.15.1
2025-12-04T09:36:04.051995594Z [inf]  docker-image://ghcr.io/railwayapp/railpack-frontend:v0.15.1@sha256:a4ad3453868dd475784adfd7eb98fb4aa0e1a532a9ff8f668d64cf21bd3908a7
2025-12-04T09:36:04.052142740Z [inf]  docker-image://ghcr.io/railwayapp/railpack-frontend:v0.15.1@sha256:a4ad3453868dd475784adfd7eb98fb4aa0e1a532a9ff8f668d64cf21bd3908a7
2025-12-04T09:36:04.057391408Z [inf]  docker-image://ghcr.io/railwayapp/railpack-frontend:v0.15.1@sha256:a4ad3453868dd475784adfd7eb98fb4aa0e1a532a9ff8f668d64cf21bd3908a7
2025-12-04T09:36:04.057513309Z [inf]  docker-image://ghcr.io/railwayapp/railpack-frontend:v0.15.1@sha256:a4ad3453868dd475784adfd7eb98fb4aa0e1a532a9ff8f668d64cf21bd3908a7
2025-12-04T09:36:04.157650215Z [inf]  load build definition from railpack-plan.json
2025-12-04T09:36:04.157708509Z [inf]  load build definition from railpack-plan.json
2025-12-04T09:36:04.157725291Z [inf]  load build definition from railpack-plan.json
2025-12-04T09:36:04.169255850Z [inf]  load build definition from railpack-plan.json
2025-12-04T09:36:04.459978173Z [inf]  copy /mise/shims
2025-12-04T09:36:04.460065787Z [inf]  install mise packages: caddy
2025-12-04T09:36:04.460083215Z [inf]  create mise config
2025-12-04T09:36:04.460099843Z [inf]  mkdir /etc/mise
2025-12-04T09:36:04.460114380Z [inf]  docker-image://ghcr.io/railwayapp/railpack-builder:latest
2025-12-04T09:36:04.460125755Z [inf]  docker-image://ghcr.io/railwayapp/railpack-runtime:latest
2025-12-04T09:36:04.460219256Z [inf]  [railpack] merge ghcr.io/railwayapp/railpack-runtime:latest, $packages:mise, $build
2025-12-04T09:36:04.460233093Z [inf]  copy /app
2025-12-04T09:36:04.460242826Z [inf]  caddy fmt --overwrite Caddyfile
2025-12-04T09:36:04.460251441Z [inf]  [railpack] secrets hash
2025-12-04T09:36:04.460258850Z [inf]  mkfile /app/Caddyfile
2025-12-04T09:36:04.460278292Z [inf]  mkdir /app
2025-12-04T09:36:04.460290626Z [inf]  copy / /app
2025-12-04T09:36:04.460299873Z [inf]  loading .
2025-12-04T09:36:04.460307953Z [inf]  copy /root/.local/state/mise
2025-12-04T09:36:04.460315363Z [inf]  copy /etc/mise/config.toml
2025-12-04T09:36:04.460326468Z [inf]  copy /usr/local/bin/mise
2025-12-04T09:36:04.460335632Z [inf]  copy /mise/installs
2025-12-04T09:36:04.460464796Z [inf]  docker-image://ghcr.io/railwayapp/railpack-runtime:latest
2025-12-04T09:36:04.460486756Z [inf]  loading .
2025-12-04T09:36:04.460494880Z [inf]  [railpack] secrets hash
2025-12-04T09:36:04.460523141Z [inf]  docker-image://ghcr.io/railwayapp/railpack-builder:latest
2025-12-04T09:36:04.580294599Z [inf]  docker-image://ghcr.io/railwayapp/railpack-runtime:latest
2025-12-04T09:36:04.580358678Z [inf]  docker-image://ghcr.io/railwayapp/railpack-runtime:latest
2025-12-04T09:36:04.621996142Z [inf]  docker-image://ghcr.io/railwayapp/railpack-builder:latest
2025-12-04T09:36:04.622560395Z [inf]  loading .
2025-12-04T09:36:04.622587899Z [inf]  mkdir /etc/mise
2025-12-04T09:36:04.622606092Z [inf]  [railpack] secrets hash
2025-12-04T09:36:04.622631040Z [inf]  mkdir /etc/mise
2025-12-04T09:36:04.622658316Z [inf]  create mise config
2025-12-04T09:36:04.655284431Z [inf]  [railpack] secrets hash
2025-12-04T09:36:04.708130609Z [inf]  create mise config
2025-12-04T09:36:04.709434355Z [inf]  install mise packages: caddy
2025-12-04T09:36:04.97555712Z [inf]  mise caddy@2.10.2    install

2025-12-04T09:36:05.265750687Z [inf]  mise caddy@2.10.2    download caddy_2.10.2_linux_amd64.tar.gz

2025-12-04T09:36:05.750156052Z [inf]  mise WARN  aqua:caddyserver/caddy@2.10.2 can be verified with cosign but cosign is not installed
mise caddy@2.10.2    checksum caddy_2.10.2_linux_amd64.tar.gz

2025-12-04T09:36:05.815341476Z [inf]  mise caddy@2.10.2    extract caddy_2.10.2_linux_amd64.tar.gz

2025-12-04T09:36:06.22445483Z [inf]  mise caddy@2.10.2  ✓ installed

2025-12-04T09:36:06.298514775Z [inf]  install mise packages: caddy
2025-12-04T09:36:06.561230474Z [inf]  copy /mise/shims
2025-12-04T09:36:06.569397192Z [inf]  copy /mise/shims
2025-12-04T09:36:06.570508669Z [inf]  copy /mise/installs
2025-12-04T09:36:06.664842325Z [inf]  copy /mise/installs
2025-12-04T09:36:06.666992031Z [inf]  copy /usr/local/bin/mise
2025-12-04T09:36:06.744465651Z [inf]  copy /usr/local/bin/mise
2025-12-04T09:36:06.747199913Z [inf]  copy /etc/mise/config.toml
2025-12-04T09:36:06.770746897Z [inf]  copy /etc/mise/config.toml
2025-12-04T09:36:06.773180184Z [inf]  copy /root/.local/state/mise
2025-12-04T09:36:06.794218365Z [inf]  copy /root/.local/state/mise
2025-12-04T09:36:09.785988385Z [inf]  loading .
2025-12-04T09:36:09.915376492Z [inf]  copy / /app
2025-12-04T09:36:13.935112054Z [inf]  copy / /app
2025-12-04T09:36:13.938932392Z [inf]  mkdir /app
2025-12-04T09:36:14.164862440Z [inf]  mkdir /app
2025-12-04T09:36:14.165782525Z [inf]  mkfile /app/Caddyfile
2025-12-04T09:36:14.179363139Z [inf]  mkfile /app/Caddyfile
2025-12-04T09:36:14.180575720Z [inf]  caddy fmt --overwrite Caddyfile
2025-12-04T09:36:14.390671473Z [inf]  caddy fmt --overwrite Caddyfile
2025-12-04T09:36:17.726963883Z [inf]  copy /app
2025-12-04T09:36:21.251141059Z [inf]  copy /app
2025-12-04T09:36:21.251989780Z [inf]  [railpack] merge ghcr.io/railwayapp/railpack-runtime:latest, $packages:mise, $build
2025-12-04T09:36:21.476449955Z [inf]  [railpack] merge ghcr.io/railwayapp/railpack-runtime:latest, $packages:mise, $build
2025-12-04T09:36:27.447264032Z [inf]  importing to docker
2025-12-04T09:36:27.453963146Z [inf]  [auth] sharing credentials for production-us-west2.railway-registry.com
2025-12-04T09:36:27.453996909Z [inf]  [auth] sharing credentials for production-us-west2.railway-registry.com
2025-12-04T09:36:36.486061380Z [err]  importing to docker
2025-12-04T09:36:57.012555421Z [inf]  
2025-12-04T09:37:04.435549853Z [inf]  [35m[Region: us-west1][0m
2025-12-04T09:37:04.470296477Z [inf]  
2025-12-04T09:37:04.470340241Z [inf]  [38;2;125;86;243m╭─────────────────╮[0m
2025-12-04T09:37:04.470346620Z [inf]  [38;2;125;86;243m│[0m Railpack 0.15.1 [38;2;125;86;243m│[0m
2025-12-04T09:37:04.470351948Z [inf]  [38;2;125;86;243m╰─────────────────╯[0m
2025-12-04T09:37:04.470358481Z [inf]  
2025-12-04T09:37:04.470362886Z [inf]  [97m↳ Detected Staticfile[0m
2025-12-04T09:37:04.470367535Z [inf]  [97m↳ Using root dir: .[0m
2025-12-04T09:37:04.470371941Z [inf]  
2025-12-04T09:37:04.470375937Z [inf]  [1mPackages[0m
2025-12-04T09:37:04.470380665Z [inf]  [38;5;238m──────────[0m
2025-12-04T09:37:04.470385098Z [inf]  [95mcaddy[0m  [38;5;238m│[0m  [96m2.10.2[0m  [38;5;238m│[0m  railpack default (latest)
2025-12-04T09:37:04.470389081Z [inf]  
2025-12-04T09:37:04.470393029Z [inf]  [1mSteps[0m
2025-12-04T09:37:04.470397069Z [inf]  [38;5;238m──────────[0m
2025-12-04T09:37:04.470401207Z [inf]  [95m▸ build[0m
2025-12-04T09:37:04.470405402Z [inf]  [38;5;245m$[0m [1mcaddy fmt --overwrite Caddyfile[0m
2025-12-04T09:37:04.470409434Z [inf]  
2025-12-04T09:37:04.470413271Z [inf]  [1mDeploy[0m
2025-12-04T09:37:04.470417448Z [inf]  [38;5;238m──────────[0m
2025-12-04T09:37:04.470422444Z [inf]  [38;5;245m$[0m [1mcaddy run --config Caddyfile --adapter caddyfile 2>&1[0m
2025-12-04T09:37:04.470426624Z [inf]  
2025-12-04T09:37:04.470430484Z [inf]  
2025-12-04T09:37:04.471206282Z [inf]  Successfully prepared Railpack plan for build
2025-12-04T09:37:04.471245358Z [inf]  
2025-12-04T09:37:04.471251878Z [inf]  
2025-12-04T09:37:04.471713405Z [inf]  context: mfw4-x8
2025-12-04T09:37:04.663580103Z [inf]  [internal] load build definition from railpack-plan.json
2025-12-04T09:37:04.663667376Z [inf]  [internal] load build definition from railpack-plan.json
2025-12-04T09:37:04.663689223Z [inf]  [internal] load build definition from railpack-plan.json
2025-12-04T09:37:04.671208471Z [inf]  [internal] load build definition from railpack-plan.json
2025-12-04T09:37:04.672855624Z [inf]  resolve image config for docker-image://ghcr.io/railwayapp/railpack-frontend:v0.15.1
2025-12-04T09:37:04.890350499Z [inf]  resolve image config for docker-image://ghcr.io/railwayapp/railpack-frontend:v0.15.1
2025-12-04T09:37:04.890569578Z [inf]  docker-image://ghcr.io/railwayapp/railpack-frontend:v0.15.1@sha256:a4ad3453868dd475784adfd7eb98fb4aa0e1a532a9ff8f668d64cf21bd3908a7
2025-12-04T09:37:04.890649622Z [inf]  docker-image://ghcr.io/railwayapp/railpack-frontend:v0.15.1@sha256:a4ad3453868dd475784adfd7eb98fb4aa0e1a532a9ff8f668d64cf21bd3908a7
2025-12-04T09:37:04.897183954Z [inf]  docker-image://ghcr.io/railwayapp/railpack-frontend:v0.15.1@sha256:a4ad3453868dd475784adfd7eb98fb4aa0e1a532a9ff8f668d64cf21bd3908a7
2025-12-04T09:37:04.897339690Z [inf]  docker-image://ghcr.io/railwayapp/railpack-frontend:v0.15.1@sha256:a4ad3453868dd475784adfd7eb98fb4aa0e1a532a9ff8f668d64cf21bd3908a7
2025-12-04T09:37:04.997271951Z [inf]  load build definition from railpack-plan.json
2025-12-04T09:37:04.997352149Z [inf]  load build definition from railpack-plan.json
2025-12-04T09:37:04.997369337Z [inf]  load build definition from railpack-plan.json
2025-12-04T09:37:05.009013900Z [inf]  load build definition from railpack-plan.json
2025-12-04T09:37:05.166925029Z [inf]  install mise packages: caddy
2025-12-04T09:37:05.166986278Z [inf]  create mise config
2025-12-04T09:37:05.167002184Z [inf]  mkdir /etc/mise
2025-12-04T09:37:05.167015118Z [inf]  docker-image://ghcr.io/railwayapp/railpack-builder:latest
2025-12-04T09:37:05.167027919Z [inf]  docker-image://ghcr.io/railwayapp/railpack-runtime:latest
2025-12-04T09:37:05.167084842Z [inf]  caddy fmt --overwrite Caddyfile
2025-12-04T09:37:05.167093893Z [inf]  [railpack] secrets hash
2025-12-04T09:37:05.167104472Z [inf]  mkfile /app/Caddyfile
2025-12-04T09:37:05.167112125Z [inf]  mkdir /app
2025-12-04T09:37:05.167119931Z [inf]  copy / /app
2025-12-04T09:37:05.167127002Z [inf]  loading .
2025-12-04T09:37:05.167139673Z [inf]  copy /root/.local/state/mise
2025-12-04T09:37:05.167149702Z [inf]  copy /etc/mise/config.toml
2025-12-04T09:37:05.167161034Z [inf]  copy /usr/local/bin/mise
2025-12-04T09:37:05.167168220Z [inf]  copy /mise/installs
2025-12-04T09:37:05.167175374Z [inf]  copy /mise/shims
2025-12-04T09:37:05.167191987Z [inf]  [railpack] merge ghcr.io/railwayapp/railpack-runtime:latest, $packages:mise, $build
2025-12-04T09:37:05.167200266Z [inf]  copy /app
2025-12-04T09:37:05.167363056Z [inf]  docker-image://ghcr.io/railwayapp/railpack-runtime:latest
2025-12-04T09:37:05.167388506Z [inf]  loading .
2025-12-04T09:37:05.167396991Z [inf]  [railpack] secrets hash
2025-12-04T09:37:05.167404589Z [inf]  docker-image://ghcr.io/railwayapp/railpack-builder:latest
2025-12-04T09:37:05.167426776Z [inf]  loading .
2025-12-04T09:37:05.167434869Z [inf]  [railpack] secrets hash
2025-12-04T09:37:05.344575114Z [inf]  docker-image://ghcr.io/railwayapp/railpack-builder:latest
2025-12-04T09:37:05.344991714Z [inf]  mkdir /etc/mise
2025-12-04T09:37:05.345011929Z [inf]  create mise config
2025-12-04T09:37:05.345020920Z [inf]  loading .
2025-12-04T09:37:05.345030829Z [inf]  [railpack] secrets hash
2025-12-04T09:37:05.345049044Z [inf]  create mise config
2025-12-04T09:37:05.345420693Z [inf]  install mise packages: caddy
2025-12-04T09:37:05.357730801Z [inf]  [railpack] secrets hash
2025-12-04T09:37:05.596784606Z [inf]  mise caddy@2.10.2    install

2025-12-04T09:37:05.93660525Z [inf]  mise caddy@2.10.2    download caddy_2.10.2_linux_amd64.tar.gz

2025-12-04T09:37:06.485821422Z [inf]  mise WARN  aqua:caddyserver/caddy@2.10.2 can be verified with cosign but cosign is not installed
mise caddy@2.10.2    checksum caddy_2.10.2_linux_amd64.tar.gz

2025-12-04T09:37:06.546078176Z [inf]  mise caddy@2.10.2    extract caddy_2.10.2_linux_amd64.tar.gz

2025-12-04T09:37:06.895141487Z [inf]  mise caddy@2.10.2  ✓ installed

2025-12-04T09:37:07.050484463Z [inf]  install mise packages: caddy
2025-12-04T09:37:10.731317130Z [inf]  loading .
2025-12-04T09:37:10.858615314Z [inf]  copy / /app
2025-12-04T09:37:15.138987196Z [inf]  copy / /app
2025-12-04T09:37:15.141936067Z [inf]  mkdir /app
2025-12-04T09:37:15.402384129Z [inf]  mkdir /app
2025-12-04T09:37:15.404547799Z [inf]  mkfile /app/Caddyfile
2025-12-04T09:37:15.426444910Z [inf]  mkfile /app/Caddyfile
2025-12-04T09:37:15.427304757Z [inf]  caddy fmt --overwrite Caddyfile
2025-12-04T09:37:15.655059369Z [inf]  caddy fmt --overwrite Caddyfile
2025-12-04T09:37:19.039392077Z [inf]  copy /app
2025-12-04T09:37:19.039430858Z [inf]  docker-image://ghcr.io/railwayapp/railpack-runtime:latest
2025-12-04T09:37:19.039442724Z [inf]  copy /mise/shims
2025-12-04T09:37:19.039456047Z [inf]  copy /mise/installs
2025-12-04T09:37:19.039466892Z [inf]  copy /usr/local/bin/mise
2025-12-04T09:37:19.039475981Z [inf]  copy /etc/mise/config.toml
2025-12-04T09:37:19.039485213Z [inf]  copy /root/.local/state/mise
2025-12-04T09:37:19.039500202Z [inf]  docker-image://ghcr.io/railwayapp/railpack-runtime:latest
2025-12-04T09:37:19.039521415Z [inf]  copy /root/.local/state/mise
2025-12-04T09:37:22.537198614Z [inf]  copy /app
2025-12-04T09:37:22.538353278Z [inf]  [railpack] merge ghcr.io/railwayapp/railpack-runtime:latest, $packages:mise, $build
2025-12-04T09:37:22.843177671Z [inf]  [railpack] merge ghcr.io/railwayapp/railpack-runtime:latest, $packages:mise, $build
2025-12-04T09:37:22.845398563Z [inf]  exporting to docker image format
2025-12-04T09:37:22.845446962Z [inf]  exporting to image
2025-12-04T09:37:29.429439934Z [inf]  [auth] sharing credentials for production-us-west2.railway-registry.com
2025-12-04T09:37:29.429524868Z [inf]  [auth] sharing credentials for production-us-west2.railway-registry.com
2025-12-04T09:37:29.443426938Z [inf]  importing to docker
2025-12-04T09:37:39.045920524Z [inf]  importing to docker
2025-12-04T09:37:50.616218190Z [inf]  [92mBuild time: 46.14 seconds[0m