2025-12-04T09:42:56.596817362Z [inf]  
2025-12-04T09:43:04.523136321Z [inf]  [35m[Region: us-west1][0m
2025-12-04T09:43:04.570307449Z [inf]  
2025-12-04T09:43:04.570363273Z [inf]  [38;2;125;86;243m╭─────────────────╮[0m
2025-12-04T09:43:04.570372504Z [inf]  [38;2;125;86;243m│[0m Railpack 0.15.1 [38;2;125;86;243m│[0m
2025-12-04T09:43:04.570377413Z [inf]  [38;2;125;86;243m╰─────────────────╯[0m
2025-12-04T09:43:04.570384254Z [inf]  
2025-12-04T09:43:04.570388873Z [inf]  [97m↳ Detected Node[0m
2025-12-04T09:43:04.570393041Z [inf]  [97m↳ Using npm package manager[0m
2025-12-04T09:43:04.570397459Z [inf]  
2025-12-04T09:43:04.570401988Z [inf]  [1mPackages[0m
2025-12-04T09:43:04.570406418Z [inf]  [38;5;238m──────────[0m
2025-12-04T09:43:04.570410591Z [inf]  [95mnode[0m  [38;5;238m│[0m  [96m22.21.1[0m  [38;5;238m│[0m  railpack default (22)
2025-12-04T09:43:04.570414941Z [inf]  
2025-12-04T09:43:04.570419014Z [inf]  [1mSteps[0m
2025-12-04T09:43:04.570423205Z [inf]  [38;5;238m──────────[0m
2025-12-04T09:43:04.570427201Z [inf]  [95m▸ install[0m
2025-12-04T09:43:04.570431393Z [inf]  [38;5;245m$[0m [1mnpm ci[0m
2025-12-04T09:43:04.570436169Z [inf]  
2025-12-04T09:43:04.570440291Z [inf]  [1mDeploy[0m
2025-12-04T09:43:04.570444258Z [inf]  [38;5;238m──────────[0m
2025-12-04T09:43:04.570448486Z [inf]  [38;5;245m$[0m [1mnpm run start[0m
2025-12-04T09:43:04.570452514Z [inf]  
2025-12-04T09:43:04.570457014Z [inf]  
2025-12-04T09:43:04.571533645Z [inf]  Successfully prepared Railpack plan for build
2025-12-04T09:43:04.571582517Z [inf]  
2025-12-04T09:43:04.571591507Z [inf]  
2025-12-04T09:43:04.572161990Z [inf]  context: mfw4-x8
2025-12-04T09:43:04.778970173Z [inf]  [internal] load build definition from railpack-plan.json
2025-12-04T09:43:04.779020662Z [inf]  [internal] load build definition from railpack-plan.json
2025-12-04T09:43:04.779037694Z [inf]  [internal] load build definition from railpack-plan.json
2025-12-04T09:43:04.779064854Z [inf]  [internal] load build definition from railpack-plan.json
2025-12-04T09:43:04.786357426Z [inf]  [internal] load build definition from railpack-plan.json
2025-12-04T09:43:04.788447270Z [inf]  resolve image config for docker-image://ghcr.io/railwayapp/railpack-frontend:v0.15.1
2025-12-04T09:43:05.037563350Z [inf]  resolve image config for docker-image://ghcr.io/railwayapp/railpack-frontend:v0.15.1
2025-12-04T09:43:05.038084429Z [inf]  docker-image://ghcr.io/railwayapp/railpack-frontend:v0.15.1@sha256:a4ad3453868dd475784adfd7eb98fb4aa0e1a532a9ff8f668d64cf21bd3908a7
2025-12-04T09:43:05.038475788Z [inf]  docker-image://ghcr.io/railwayapp/railpack-frontend:v0.15.1@sha256:a4ad3453868dd475784adfd7eb98fb4aa0e1a532a9ff8f668d64cf21bd3908a7
2025-12-04T09:43:05.041811386Z [inf]  docker-image://ghcr.io/railwayapp/railpack-frontend:v0.15.1@sha256:a4ad3453868dd475784adfd7eb98fb4aa0e1a532a9ff8f668d64cf21bd3908a7
2025-12-04T09:43:05.042177911Z [inf]  docker-image://ghcr.io/railwayapp/railpack-frontend:v0.15.1@sha256:a4ad3453868dd475784adfd7eb98fb4aa0e1a532a9ff8f668d64cf21bd3908a7
2025-12-04T09:43:05.133930343Z [inf]  load build definition from railpack-plan.json
2025-12-04T09:43:05.134055746Z [inf]  load build definition from railpack-plan.json
2025-12-04T09:43:05.134417468Z [inf]  load build definition from railpack-plan.json
2025-12-04T09:43:05.141021583Z [inf]  load build definition from railpack-plan.json
2025-12-04T09:43:05.268063440Z [inf]  mkdir -p /app/node_modules/.cache
2025-12-04T09:43:05.268136698Z [inf]  copy /root/.local/state/mise
2025-12-04T09:43:05.268153027Z [inf]  copy /etc/mise/config.toml
2025-12-04T09:43:05.268164569Z [inf]  copy /usr/local/bin/mise
2025-12-04T09:43:05.268186403Z [inf]  copy /mise/installs
2025-12-04T09:43:05.268201587Z [inf]  docker-image://ghcr.io/railwayapp/railpack-runtime:latest
2025-12-04T09:43:05.268214040Z [inf]  install mise packages: node
2025-12-04T09:43:05.268227476Z [inf]  create mise config
2025-12-04T09:43:05.268239106Z [inf]  mkdir /etc/mise
2025-12-04T09:43:05.268249607Z [inf]  docker-image://ghcr.io/railwayapp/railpack-builder:latest
2025-12-04T09:43:05.268263394Z [inf]  install apt packages: libatomic1
2025-12-04T09:43:05.268277486Z [inf]  loading .
2025-12-04T09:43:05.268285677Z [inf]  copy /mise/shims
2025-12-04T09:43:05.268341476Z [inf]  [railpack] merge $packages:apt:runtime, $packages:mise, $build, $build
2025-12-04T09:43:05.268355860Z [inf]  copy /app
2025-12-04T09:43:05.268367163Z [inf]  copy /root/.cache
2025-12-04T09:43:05.268377327Z [inf]  copy /app/node_modules
2025-12-04T09:43:05.268389195Z [inf]  copy / /app
2025-12-04T09:43:05.268401422Z [inf]  npm ci
2025-12-04T09:43:05.268413238Z [inf]  copy package.json
2025-12-04T09:43:05.268429805Z [inf]  copy package-lock.json
2025-12-04T09:43:05.268456403Z [inf]  docker-image://ghcr.io/railwayapp/railpack-builder:latest
2025-12-04T09:43:05.268466210Z [inf]  docker-image://ghcr.io/railwayapp/railpack-runtime:latest
2025-12-04T09:43:05.268477280Z [inf]  loading .
2025-12-04T09:43:05.268496471Z [inf]  loading .
2025-12-04T09:43:05.443807713Z [inf]  docker-image://ghcr.io/railwayapp/railpack-builder:latest
2025-12-04T09:43:05.444209099Z [inf]  mkdir /etc/mise
2025-12-04T09:43:05.444245699Z [inf]  create mise config
2025-12-04T09:43:05.444262832Z [inf]  loading .
2025-12-04T09:43:05.445119273Z [inf]  create mise config
2025-12-04T09:43:05.445260584Z [inf]  install mise packages: node
2025-12-04T09:43:05.459526257Z [inf]  loading .
2025-12-04T09:43:05.470989994Z [inf]  docker-image://ghcr.io/railwayapp/railpack-runtime:latest
2025-12-04T09:43:05.471181995Z [inf]  docker-image://ghcr.io/railwayapp/railpack-runtime:latest
2025-12-04T09:43:05.471232444Z [inf]  install apt packages: libatomic1
2025-12-04T09:43:05.612735314Z [inf]  Get:1 http://deb.debian.org/debian bookworm InRelease [151 kB]

2025-12-04T09:43:05.634725346Z [inf]  Get:2 http://deb.debian.org/debian bookworm-updates InRelease [55.4 kB]

2025-12-04T09:43:05.64298538Z [inf]  Get:3 http://deb.debian.org/debian-security bookworm-security InRelease [48.0 kB]

2025-12-04T09:43:05.698171517Z [inf]  mise node@22.21.1    install

2025-12-04T09:43:05.699487337Z [inf]  mise node@22.21.1    download node-v22.21.1-linux-x64.tar.gz

2025-12-04T09:43:05.712595511Z [inf]  Get:4 http://deb.debian.org/debian bookworm/main amd64 Packages [8791 kB]

2025-12-04T09:43:05.79228289Z [inf]  Get:5 http://deb.debian.org/debian bookworm-updates/main amd64 Packages [6924 B]

2025-12-04T09:43:05.820185365Z [inf]  Get:6 http://deb.debian.org/debian-security bookworm-security/main amd64 Packages [289 kB]

2025-12-04T09:43:06.12810963Z [inf]  mise node@22.21.1    extract node-v22.21.1-linux-x64.tar.gz

2025-12-04T09:43:06.879489816Z [inf]  Fetched 9342 kB in 1s (7261 kB/s)
Reading package lists...
2025-12-04T09:43:07.401740388Z [inf]  

2025-12-04T09:43:07.421444473Z [inf]  Reading package lists...
2025-12-04T09:43:07.537814947Z [inf]  mise node@22.21.1    node -v

2025-12-04T09:43:07.542618147Z [inf]  mise node@22.21.1    v22.21.1

2025-12-04T09:43:07.543564638Z [inf]  mise node@22.21.1    npm -v

2025-12-04T09:43:07.646071025Z [inf]  mise node@22.21.1    10.9.4

2025-12-04T09:43:07.671856339Z [inf]  mise node@22.21.1  ✓ installed

2025-12-04T09:43:07.814511857Z [inf]  install mise packages: node
2025-12-04T09:43:07.817848637Z [inf]  mkdir -p /app/node_modules/.cache
2025-12-04T09:43:07.978799156Z [inf]  

2025-12-04T09:43:07.993776168Z [inf]  Building dependency tree...
2025-12-04T09:43:07.997208690Z [inf]  mkdir -p /app/node_modules/.cache
2025-12-04T09:43:07.997922696Z [inf]  copy package-lock.json
2025-12-04T09:43:08.013689043Z [inf]  copy package-lock.json
2025-12-04T09:43:08.015135563Z [inf]  copy package.json
2025-12-04T09:43:08.032397590Z [inf]  copy package.json
2025-12-04T09:43:08.033691752Z [inf]  npm ci
2025-12-04T09:43:08.139863097Z [inf]  
Reading state information...
2025-12-04T09:43:08.139999907Z [inf]  

2025-12-04T09:43:08.247486957Z [inf]  npm warn config production Use `--omit=dev` instead.

2025-12-04T09:43:08.343642744Z [inf]  The following NEW packages will be installed:

2025-12-04T09:43:08.345129305Z [inf]    libatomic1

2025-12-04T09:43:08.379162868Z [inf]  0 upgraded, 1 newly installed, 0 to remove and 0 not upgraded.
Need to get 9376 B of archives.
After this operation, 46.1 kB of additional disk space will be used.
Get:1 http://deb.debian.org/debian bookworm/main amd64 libatomic1 amd64 12.2.0-14+deb12u1 [9376 B]

2025-12-04T09:43:08.509171227Z [inf]  debconf: delaying package configuration, since apt-utils is not installed

2025-12-04T09:43:08.546529001Z [inf]  Fetched 9376 B in 0s (358 kB/s)

2025-12-04T09:43:08.564843906Z [inf]  Selecting previously unselected package libatomic1:amd64.
(Reading database ... 
2025-12-04T09:43:08.567304173Z [inf]  (Reading database ... 5%(Reading database ... 10%(Reading database ... 15%(Reading database ... 20%(Reading database ... 25%(Reading database ... 30%(Reading database ... 35%(Reading database ... 40%(Reading database ... 45%(Reading database ... 50%(Reading database ... 55%(Reading database ... 60%(Reading database ... 65%(Reading database ... 70%
2025-12-04T09:43:08.57049381Z [inf]  (Reading database ... 75%
2025-12-04T09:43:08.570950395Z [inf]  (Reading database ... 80%
2025-12-04T09:43:08.571091292Z [inf]  (Reading database ... 85%
2025-12-04T09:43:08.571412304Z [inf]  (Reading database ... 90%
2025-12-04T09:43:08.571901051Z [inf]  (Reading database ... 95%
2025-12-04T09:43:08.573031799Z [inf]  (Reading database ... 100%(Reading database ... 6622 files and directories currently installed.)

2025-12-04T09:43:08.573505697Z [inf]  Preparing to unpack .../libatomic1_12.2.0-14+deb12u1_amd64.deb ...

2025-12-04T09:43:08.576288337Z [inf]  Unpacking libatomic1:amd64 (12.2.0-14+deb12u1) ...

2025-12-04T09:43:08.597369119Z [inf]  Setting up libatomic1:amd64 (12.2.0-14+deb12u1) ...

2025-12-04T09:43:08.601813597Z [inf]  Processing triggers for libc-bin (2.36-9+deb12u13) ...

2025-12-04T09:43:08.648481675Z [inf]  install apt packages: libatomic1
2025-12-04T09:43:08.991036610Z [inf]  copy /mise/shims
2025-12-04T09:43:08.991085168Z [inf]  copy /mise/installs
2025-12-04T09:43:08.991099911Z [inf]  copy /usr/local/bin/mise
2025-12-04T09:43:08.991109170Z [inf]  copy /etc/mise/config.toml
2025-12-04T09:43:08.991117905Z [inf]  copy /root/.local/state/mise
2025-12-04T09:43:09.366751264Z [inf]  npm warn deprecated rimraf@3.0.2: Rimraf versions prior to v4 are no longer supported

2025-12-04T09:43:09.440336442Z [inf]  npm warn deprecated npmlog@5.0.1: This package is no longer supported.

2025-12-04T09:43:09.543594843Z [inf]  npm warn deprecated inflight@1.0.6: This module is not supported, and leaks memory. Do not use it. Check out lru-cache if you want a good and tested way to coalesce async requests by a key value, which is much more comprehensive and powerful.

2025-12-04T09:43:09.578744893Z [inf]  npm warn deprecated glob@7.2.3: Glob versions prior to v9 are no longer supported

2025-12-04T09:43:09.62522405Z [inf]  npm warn deprecated are-we-there-yet@2.0.0: This package is no longer supported.

2025-12-04T09:43:09.628046018Z [inf]  npm warn deprecated gauge@3.0.2: This package is no longer supported.

2025-12-04T09:43:09.990161166Z [inf]  
added 188 packages, and audited 189 packages in 2s

2025-12-04T09:43:09.991397896Z [inf]  
found 0 vulnerabilities

2025-12-04T09:43:10.091982361Z [inf]  npm ci
2025-12-04T09:43:10.092938081Z [inf]  copy / /app
2025-12-04T09:43:10.156363240Z [inf]  copy / /app
2025-12-04T09:43:10.914272064Z [inf]  copy /app/node_modules
2025-12-04T09:43:10.960229611Z [inf]  copy /root/.cache
2025-12-04T09:43:10.960310944Z [inf]  copy /app
2025-12-04T09:43:11.012865241Z [inf]  copy /app
2025-12-04T09:43:11.088221661Z [inf]  copy /app/node_modules
2025-12-04T09:43:11.089602864Z [inf]  [railpack] merge $packages:apt:runtime, $packages:mise, $build, $build
2025-12-04T09:43:11.132232435Z [inf]  [railpack] merge $packages:apt:runtime, $packages:mise, $build, $build
2025-12-04T09:43:11.820032014Z [inf]  [auth] sharing credentials for production-us-west2.railway-registry.com
2025-12-04T09:43:11.820083496Z [inf]  [auth] sharing credentials for production-us-west2.railway-registry.com
2025-12-04T09:43:12.196606746Z [inf]  importing to docker
2025-12-04T09:43:16.175099593Z [inf]  importing to docker
2025-12-04T09:43:31.893391867Z [inf]  [92mBuild time: 27.32 seconds[0m